Started GET "/" for 127.0.0.1 at 2018-10-12 15:50:41 -0400
  
ActiveRecord::PendingMigrationError (

Migrations are pending. To resolve this issue, run:

        bin/rails db:migrate RAILS_ENV=development

):
  
activerecord (5.1.6) lib/active_record/migration.rb:576:in `check_pending!'
activerecord (5.1.6) lib/active_record/migration.rb:553:in `call'
actionpack (5.1.6) lib/action_dispatch/middleware/callbacks.rb:26:in `block in call'
activesupport (5.1.6) lib/active_support/callbacks.rb:97:in `run_callbacks'
actionpack (5.1.6) lib/action_dispatch/middleware/callbacks.rb:24:in `call'
actionpack (5.1.6) lib/action_dispatch/middleware/executor.rb:12:in `call'
actionpack (5.1.6) lib/action_dispatch/middleware/debug_exceptions.rb:59:in `call'
web-console (3.6.1) lib/web_console/middleware.rb:135:in `call_app'
web-console (3.6.1) lib/web_console/middleware.rb:30:in `block in call'
web-console (3.6.1) lib/web_console/middleware.rb:20:in `catch'
web-console (3.6.1) lib/web_console/middleware.rb:20:in `call'
actionpack (5.1.6) lib/action_dispatch/middleware/show_exceptions.rb:31:in `call'
railties (5.1.6) lib/rails/rack/logger.rb:36:in `call_app'
railties (5.1.6) lib/rails/rack/logger.rb:24:in `block in call'
activesupport (5.1.6) lib/active_support/tagged_logging.rb:69:in `block in tagged'
activesupport (5.1.6) lib/active_support/tagged_logging.rb:26:in `tagged'
activesupport (5.1.6) lib/active_support/tagged_logging.rb:69:in `tagged'
railties (5.1.6) lib/rails/rack/logger.rb:24:in `call'
sprockets-rails (3.2.1) lib/sprockets/rails/quiet_assets.rb:13:in `call'
actionpack (5.1.6) lib/action_dispatch/middleware/remote_ip.rb:79:in `call'
actionpack (5.1.6) lib/action_dispatch/middleware/request_id.rb:25:in `call'
rack (2.0.5) lib/rack/method_override.rb:22:in `call'
rack (2.0.5) lib/rack/runtime.rb:22:in `call'
activesupport (5.1.6) lib/active_support/cache/strategy/local_cache_middleware.rb:27:in `call'
actionpack (5.1.6) lib/action_dispatch/middleware/executor.rb:12:in `call'
actionpack (5.1.6) lib/action_dispatch/middleware/static.rb:125:in `call'
rack (2.0.5) lib/rack/sendfile.rb:111:in `call'
railties (5.1.6) lib/rails/engine.rb:522:in `call'
puma (3.11.4) lib/puma/configuration.rb:225:in `call'
puma (3.11.4) lib/puma/server.rb:632:in `handle_request'
puma (3.11.4) lib/puma/server.rb:446:in `process_client'
puma (3.11.4) lib/puma/server.rb:306:in `block in run'
puma (3.11.4) lib/puma/thread_pool.rb:120:in `block in spawn_thread'
  [1m[35m (0.6ms)[0m  [1m[34mSELECT sqlite_version(*)[0m
  [1m[35m (1.2ms)[0m  [1m[35mCREATE TABLE "schema_migrations" ("version" varchar NOT NULL PRIMARY KEY)[0m
  [1m[35m (1.1ms)[0m  [1m[35mCREATE TABLE "ar_internal_metadata" ("key" varchar NOT NULL PRIMARY KEY, "value" varchar, "created_at" datetime NOT NULL, "updated_at" datetime NOT NULL)[0m
  [1m[35m (0.2ms)[0m  [1m[34mSELECT "schema_migrations"."version" FROM "schema_migrations" ORDER BY "schema_migrations"."version" ASC[0m
Migrating to CreateArticles (20171109131537)
  [1m[35m (0.1ms)[0m  [1m[36mbegin transaction[0m
  [1m[35m (0.7ms)[0m  [1m[35mCREATE TABLE "articles" ("id" INTEGER PRIMARY KEY AUTOINCREMENT NOT NULL, "title" varchar)[0m
  [1m[35mSQL (0.3ms)[0m  [1m[32mINSERT INTO "schema_migrations" ("version") VALUES (?)[0m  [["version", "20171109131537"]]
  [1m[35m (1.0ms)[0m  [1m[36mcommit transaction[0m
Migrating to AddDescriptionToArticles (20171109132437)
  [1m[35m (0.1ms)[0m  [1m[36mbegin transaction[0m
  [1m[35m (0.7ms)[0m  [1m[35mALTER TABLE "articles" ADD "description" text[0m
  [1m[35m (0.2ms)[0m  [1m[35mALTER TABLE "articles" ADD "created_at" datetime[0m
  [1m[35m (0.2ms)[0m  [1m[35mALTER TABLE "articles" ADD "updated_at" datetime[0m
  [1m[35mSQL (0.3ms)[0m  [1m[32mINSERT INTO "schema_migrations" ("version") VALUES (?)[0m  [["version", "20171109132437"]]
  [1m[35m (0.9ms)[0m  [1m[36mcommit transaction[0m
Migrating to CreateUsers (20171116111014)
  [1m[35m (0.0ms)[0m  [1m[36mbegin transaction[0m
  [1m[35m (0.3ms)[0m  [1m[35mCREATE TABLE "users" ("id" INTEGER PRIMARY KEY AUTOINCREMENT NOT NULL, "username" varchar, "email" varchar, "created_at" datetime NOT NULL, "updated_at" datetime NOT NULL)[0m
  [1m[35mSQL (10.6ms)[0m  [1m[32mINSERT INTO "schema_migrations" ("version") VALUES (?)[0m  [["version", "20171116111014"]]
  [1m[35m (7.4ms)[0m  [1m[36mcommit transaction[0m
Migrating to AddUserIdToArticles (20171116161135)
  [1m[35m (0.1ms)[0m  [1m[36mbegin transaction[0m
  [1m[35m (0.5ms)[0m  [1m[35mALTER TABLE "articles" ADD "user_id" integer[0m
  [1m[35mSQL (0.2ms)[0m  [1m[32mINSERT INTO "schema_migrations" ("version") VALUES (?)[0m  [["version", "20171116161135"]]
  [1m[35m (35.3ms)[0m  [1m[36mcommit transaction[0m
Migrating to AddPasswordDigestToUsers (20171116184447)
  [1m[35m (0.4ms)[0m  [1m[36mbegin transaction[0m
  [1m[35m (0.5ms)[0m  [1m[35mALTER TABLE "users" ADD "password_digest" varchar[0m
  [1m[35mSQL (0.4ms)[0m  [1m[32mINSERT INTO "schema_migrations" ("version") VALUES (?)[0m  [["version", "20171116184447"]]
  [1m[35m (2.2ms)[0m  [1m[36mcommit transaction[0m
Migrating to AddAdminToUsers (20171118104118)
  [1m[35m (0.1ms)[0m  [1m[36mbegin transaction[0m
  [1m[35m (3.1ms)[0m  [1m[35mALTER TABLE "users" ADD "admin" boolean DEFAULT 'f'[0m
  [1m[35mSQL (0.3ms)[0m  [1m[32mINSERT INTO "schema_migrations" ("version") VALUES (?)[0m  [["version", "20171118104118"]]
  [1m[35m (4.6ms)[0m  [1m[36mcommit transaction[0m
Migrating to CreateCategories (20171120121927)
  [1m[35m (0.1ms)[0m  [1m[36mbegin transaction[0m
  [1m[35m (0.5ms)[0m  [1m[35mCREATE TABLE "categories" ("id" INTEGER PRIMARY KEY AUTOINCREMENT NOT NULL, "name" varchar, "created_at" datetime NOT NULL, "updated_at" datetime NOT NULL)[0m
  [1m[35mSQL (0.2ms)[0m  [1m[32mINSERT INTO "schema_migrations" ("version") VALUES (?)[0m  [["version", "20171120121927"]]
  [1m[35m (0.8ms)[0m  [1m[36mcommit transaction[0m
Migrating to CreateArticleCategories (20171120234529)
  [1m[35m (0.1ms)[0m  [1m[36mbegin transaction[0m
  [1m[35m (0.5ms)[0m  [1m[35mCREATE TABLE "article_categories" ("id" INTEGER PRIMARY KEY AUTOINCREMENT NOT NULL, "article_id" integer, "category_id" integer)[0m
  [1m[35mSQL (0.3ms)[0m  [1m[32mINSERT INTO "schema_migrations" ("version") VALUES (?)[0m  [["version", "20171120234529"]]
  [1m[35m (1.0ms)[0m  [1m[36mcommit transaction[0m
  [1m[36mActiveRecord::InternalMetadata Load (0.3ms)[0m  [1m[34mSELECT  "ar_internal_metadata".* FROM "ar_internal_metadata" WHERE "ar_internal_metadata"."key" = ? LIMIT ?[0m  [["key", "environment"], ["LIMIT", 1]]
  [1m[35m (0.1ms)[0m  [1m[36mbegin transaction[0m
  [1m[35mSQL (0.4ms)[0m  [1m[32mINSERT INTO "ar_internal_metadata" ("key", "value", "created_at", "updated_at") VALUES (?, ?, ?, ?)[0m  [["key", "environment"], ["value", "development"], ["created_at", "2018-10-12 19:50:56.298621"], ["updated_at", "2018-10-12 19:50:56.298621"]]
  [1m[35m (0.7ms)[0m  [1m[36mcommit transaction[0m
  [1m[35m (0.2ms)[0m  [1m[34mSELECT "schema_migrations"."version" FROM "schema_migrations" ORDER BY "schema_migrations"."version" ASC[0m
Started GET "/" for 127.0.0.1 at 2018-10-12 15:51:02 -0400
  [1m[35m (0.1ms)[0m  [1m[34mSELECT "schema_migrations"."version" FROM "schema_migrations" ORDER BY "schema_migrations"."version" ASC[0m
Processing by WelcomeController#home as HTML
  Rendering welcome/home.html.erb within layouts/application
  Rendered welcome/home.html.erb within layouts/application (0.6ms)
  [1m[36mCategory Load (0.5ms)[0m  [1m[34mSELECT "categories".* FROM "categories"[0m
  Rendered layouts/_navigation.html.erb (13.7ms)
  Rendered layouts/_messages.html.erb (0.6ms)
  Rendered layouts/_footer.html.erb (0.4ms)
Completed 200 OK in 4221ms (Views: 4209.5ms | ActiveRecord: 1.0ms)


Started GET "/" for 127.0.0.1 at 2018-10-12 17:35:41 -0400
Processing by WelcomeController#home as HTML
  Rendering welcome/home.html.erb within layouts/application
  Rendered welcome/home.html.erb within layouts/application (3.5ms)
  [1m[36mCategory Load (1.0ms)[0m  [1m[34mSELECT "categories".* FROM "categories"[0m
  Rendered layouts/_navigation.html.erb (9.1ms)
  Rendered layouts/_messages.html.erb (0.9ms)
  Rendered layouts/_footer.html.erb (0.5ms)
Completed 200 OK in 143ms (Views: 129.3ms | ActiveRecord: 1.0ms)


Started GET "/signup" for 127.0.0.1 at 2018-10-12 17:35:56 -0400
Processing by UsersController#new as HTML
  Rendering users/new.html.erb within layouts/application
  Rendered shared/_errors.html.erb (0.9ms)
  Rendered users/_form.html.erb (107.4ms)
  Rendered users/new.html.erb within layouts/application (110.1ms)
  [1m[36mCategory Load (0.2ms)[0m  [1m[34mSELECT "categories".* FROM "categories"[0m
  Rendered layouts/_navigation.html.erb (6.9ms)
  Rendered layouts/_messages.html.erb (1.9ms)
  Rendered layouts/_footer.html.erb (1.9ms)
Completed 200 OK in 281ms (Views: 255.0ms | ActiveRecord: 1.3ms)


Started POST "/users" for 127.0.0.1 at 2018-10-12 17:36:07 -0400
Processing by UsersController#create as HTML
  Parameters: {"utf8"=>"✓", "authenticity_token"=>"YvybacX8vTeYObphQA4Rb2a/HPpa6JugdpprRvsGBIrbE+bbQAheh2ncaBV9w3+h2jjCmqCBp/UPI8CZ7IW2tQ==", "user"=>{"username"=>"katie", "email"=>"katie@katie.com", "password"=>"[FILTERED]"}, "commit"=>"Sign up"}
  [1m[35m (0.1ms)[0m  [1m[36mbegin transaction[0m
  [1m[36mUser Exists (0.5ms)[0m  [1m[34mSELECT  1 AS one FROM "users" WHERE LOWER("users"."username") = LOWER(?) LIMIT ?[0m  [["username", "katie"], ["LIMIT", 1]]
  [1m[36mUser Exists (0.1ms)[0m  [1m[34mSELECT  1 AS one FROM "users" WHERE LOWER("users"."email") = LOWER(?) LIMIT ?[0m  [["email", "katie@katie.com"], ["LIMIT", 1]]
  [1m[35mSQL (0.7ms)[0m  [1m[32mINSERT INTO "users" ("username", "email", "created_at", "updated_at", "password_digest") VALUES (?, ?, ?, ?, ?)[0m  [["username", "katie"], ["email", "katie@katie.com"], ["created_at", "2018-10-12 21:36:07.239441"], ["updated_at", "2018-10-12 21:36:07.239441"], ["password_digest", "$2a$10$SIYxCBLIsiIqoNlgrcO9QOZ8ZdRHJsl7evTWpmxMGKr1V55prSnei"]]
  [1m[35m (1.2ms)[0m  [1m[36mcommit transaction[0m
Redirected to http://localhost:3000/users/1
Completed 302 Found in 86ms (ActiveRecord: 2.6ms)


Started GET "/users/1" for 127.0.0.1 at 2018-10-12 17:36:07 -0400
Processing by UsersController#show as HTML
  Parameters: {"id"=>"1"}
  [1m[36mUser Load (0.6ms)[0m  [1m[34mSELECT  "users".* FROM "users" WHERE "users"."id" = ? LIMIT ?[0m  [["id", 1], ["LIMIT", 1]]
  Rendering users/show.html.erb within layouts/application
  [1m[35m (1.7ms)[0m  [1m[34mSELECT COUNT(*) FROM "articles" WHERE "articles"."user_id" = ?[0m  [["user_id", 1]]
  [1m[36mArticle Load (0.2ms)[0m  [1m[34mSELECT  "articles".* FROM "articles" WHERE "articles"."user_id" = ? LIMIT ? OFFSET ?[0m  [["user_id", 1], ["LIMIT", 5], ["OFFSET", 0]]
  Rendered articles/_article.html.erb (5.3ms)
  Rendered users/show.html.erb within layouts/application (13.8ms)
  [1m[36mUser Load (0.1ms)[0m  [1m[34mSELECT  "users".* FROM "users" WHERE "users"."id" = ? LIMIT ?[0m  [["id", 1], ["LIMIT", 1]]
  [1m[36mCategory Load (0.1ms)[0m  [1m[34mSELECT "categories".* FROM "categories"[0m
  Rendered layouts/_navigation.html.erb (4.5ms)
  Rendered layouts/_messages.html.erb (1.1ms)
  Rendered layouts/_footer.html.erb (0.5ms)
Completed 200 OK in 211ms (Views: 140.9ms | ActiveRecord: 3.0ms)


Started GET "/articles" for 127.0.0.1 at 2018-10-12 17:36:12 -0400
Processing by ArticlesController#index as HTML
  Rendering articles/index.html.erb within layouts/application
  [1m[35m (0.2ms)[0m  [1m[34mSELECT COUNT(*) FROM "articles"[0m
  [1m[36mArticle Load (0.2ms)[0m  [1m[34mSELECT  "articles".* FROM "articles" LIMIT ? OFFSET ?[0m  [["LIMIT", 5], ["OFFSET", 0]]
  Rendered articles/_article.html.erb (3.3ms)
  Rendered articles/index.html.erb within layouts/application (9.0ms)
  [1m[36mUser Load (0.2ms)[0m  [1m[34mSELECT  "users".* FROM "users" WHERE "users"."id" = ? LIMIT ?[0m  [["id", 1], ["LIMIT", 1]]
  [1m[36mCategory Load (0.2ms)[0m  [1m[34mSELECT "categories".* FROM "categories"[0m
  Rendered layouts/_navigation.html.erb (5.5ms)
  Rendered layouts/_messages.html.erb (1.1ms)
  Rendered layouts/_footer.html.erb (0.8ms)
Completed 200 OK in 103ms (Views: 95.1ms | ActiveRecord: 0.9ms)


Started GET "/articles/new" for 127.0.0.1 at 2018-10-12 17:36:16 -0400
Processing by ArticlesController#new as HTML
  [1m[36mUser Load (0.2ms)[0m  [1m[34mSELECT  "users".* FROM "users" WHERE "users"."id" = ? LIMIT ?[0m  [["id", 1], ["LIMIT", 1]]
  Rendering articles/new.html.erb within layouts/application
  Rendered shared/_errors.html.erb (0.5ms)
  [1m[36mCategory Load (0.2ms)[0m  [1m[34mSELECT "categories".* FROM "categories"[0m
  Rendered articles/_form.html.erb (11.4ms)
  Rendered articles/new.html.erb within layouts/application (14.3ms)
  [1m[36mCACHE Category Load (0.0ms)[0m  [1m[34mSELECT "categories".* FROM "categories"[0m
  Rendered layouts/_navigation.html.erb (2.3ms)
  Rendered layouts/_messages.html.erb (0.5ms)
  Rendered layouts/_footer.html.erb (0.5ms)
Completed 200 OK in 106ms (Views: 77.8ms | ActiveRecord: 1.0ms)


Started POST "/articles" for 127.0.0.1 at 2018-10-12 17:36:25 -0400
Processing by ArticlesController#create as HTML
  Parameters: {"utf8"=>"✓", "authenticity_token"=>"oK1CJxzwX/GMJxKcPUAZCUxBsDY5KpFy18UsddcFU+WJ4vnjurzf64bcidU9tTOWOqT0vklmp7bjlOxxk6Zgbg==", "article"=>{"title"=>"Article 1", "description"=>"Hey", "category_ids"=>[""]}, "commit"=>"Create Article"}
  [1m[36mUser Load (0.1ms)[0m  [1m[34mSELECT  "users".* FROM "users" WHERE "users"."id" = ? LIMIT ?[0m  [["id", 1], ["LIMIT", 1]]
  [1m[36mCategory Load (0.4ms)[0m  [1m[34mSELECT "categories".* FROM "categories" WHERE 1=0[0m
  [1m[35m (0.1ms)[0m  [1m[36mbegin transaction[0m
  [1m[35m (0.0ms)[0m  [1m[31mrollback transaction[0m
  Rendering articles/new.html.erb within layouts/application
  Rendered shared/_errors.html.erb (1.0ms)
  [1m[36mCategory Load (0.2ms)[0m  [1m[34mSELECT "categories".* FROM "categories"[0m
  Rendered articles/_form.html.erb (6.2ms)
  Rendered articles/new.html.erb within layouts/application (9.7ms)
  [1m[36mCACHE Category Load (0.0ms)[0m  [1m[34mSELECT "categories".* FROM "categories"[0m
  Rendered layouts/_navigation.html.erb (1.8ms)
  Rendered layouts/_messages.html.erb (0.5ms)
  Rendered layouts/_footer.html.erb (0.4ms)
Completed 200 OK in 87ms (Views: 66.0ms | ActiveRecord: 1.2ms)


Started POST "/articles" for 127.0.0.1 at 2018-10-12 17:36:32 -0400
Processing by ArticlesController#create as HTML
  Parameters: {"utf8"=>"✓", "authenticity_token"=>"4WAn7qeomrlKJrkl4IQSk2USk33jFQDIxK/GBfota45LnucMbYaizTGZ2apNuB2d4kExKhEsDGEPWxcvxxtcnQ==", "article"=>{"title"=>"Article 1", "description"=>"Hey 123ksfjadsfjoaisfn ", "category_ids"=>[""]}, "commit"=>"Create Article"}
  [1m[36mUser Load (0.2ms)[0m  [1m[34mSELECT  "users".* FROM "users" WHERE "users"."id" = ? LIMIT ?[0m  [["id", 1], ["LIMIT", 1]]
  [1m[36mCategory Load (0.2ms)[0m  [1m[34mSELECT "categories".* FROM "categories" WHERE 1=0[0m
  [1m[35m (0.1ms)[0m  [1m[36mbegin transaction[0m
  [1m[35mSQL (0.3ms)[0m  [1m[32mINSERT INTO "articles" ("title", "description", "created_at", "updated_at", "user_id") VALUES (?, ?, ?, ?, ?)[0m  [["title", "Article 1"], ["description", "Hey 123ksfjadsfjoaisfn "], ["created_at", "2018-10-12 21:36:32.245406"], ["updated_at", "2018-10-12 21:36:32.245406"], ["user_id", 1]]
  [1m[35m (1.2ms)[0m  [1m[36mcommit transaction[0m
Redirected to http://localhost:3000/articles/1
Completed 302 Found in 9ms (ActiveRecord: 1.9ms)


Started GET "/articles/1" for 127.0.0.1 at 2018-10-12 17:36:32 -0400
Processing by ArticlesController#show as HTML
  Parameters: {"id"=>"1"}
  [1m[36mArticle Load (0.2ms)[0m  [1m[34mSELECT  "articles".* FROM "articles" WHERE "articles"."id" = ? LIMIT ?[0m  [["id", 1], ["LIMIT", 1]]
  Rendering articles/show.html.erb within layouts/application
  [1m[36mUser Load (0.2ms)[0m  [1m[34mSELECT  "users".* FROM "users" WHERE "users"."id" = ? LIMIT ?[0m  [["id", 1], ["LIMIT", 1]]
  [1m[35m (0.2ms)[0m  [1m[34mSELECT COUNT(*) FROM "articles" WHERE "articles"."user_id" = ?[0m  [["user_id", 1]]
  [1m[36mCategory Exists (0.2ms)[0m  [1m[34mSELECT  1 AS one FROM "categories" INNER JOIN "article_categories" ON "categories"."id" = "article_categories"."category_id" WHERE "article_categories"."article_id" = ? LIMIT ?[0m  [["article_id", 1], ["LIMIT", 1]]
  [1m[36mCACHE User Load (0.0ms)[0m  [1m[34mSELECT  "users".* FROM "users" WHERE "users"."id" = ? LIMIT ?[0m  [["id", 1], ["LIMIT", 1]]
  Rendered articles/show.html.erb within layouts/application (26.6ms)
  [1m[36mCategory Load (0.2ms)[0m  [1m[34mSELECT "categories".* FROM "categories"[0m
  Rendered layouts/_navigation.html.erb (2.0ms)
  Rendered layouts/_messages.html.erb (0.5ms)
  Rendered layouts/_footer.html.erb (0.5ms)
Completed 200 OK in 93ms (Views: 87.5ms | ActiveRecord: 1.2ms)


Started GET "/articles/1" for 127.0.0.1 at 2018-10-12 17:42:54 -0400
  [1m[35m (0.2ms)[0m  [1m[34mSELECT "schema_migrations"."version" FROM "schema_migrations" ORDER BY "schema_migrations"."version" ASC[0m
Processing by ArticlesController#show as HTML
  Parameters: {"id"=>"1"}
  [1m[36mArticle Load (0.3ms)[0m  [1m[34mSELECT  "articles".* FROM "articles" WHERE "articles"."id" = ? LIMIT ?[0m  [["id", 1], ["LIMIT", 1]]
  Rendering articles/show.html.erb within layouts/application
  [1m[36mUser Load (0.2ms)[0m  [1m[34mSELECT  "users".* FROM "users" WHERE "users"."id" = ? LIMIT ?[0m  [["id", 1], ["LIMIT", 1]]
  [1m[35m (0.2ms)[0m  [1m[34mSELECT COUNT(*) FROM "articles" WHERE "articles"."user_id" = ?[0m  [["user_id", 1]]
  [1m[36mCategory Exists (0.2ms)[0m  [1m[34mSELECT  1 AS one FROM "categories" INNER JOIN "article_categories" ON "categories"."id" = "article_categories"."category_id" WHERE "article_categories"."article_id" = ? LIMIT ?[0m  [["article_id", 1], ["LIMIT", 1]]
  [1m[36mUser Load (0.1ms)[0m  [1m[34mSELECT  "users".* FROM "users" WHERE "users"."id" = ? LIMIT ?[0m  [["id", 1], ["LIMIT", 1]]
  Rendered articles/show.html.erb within layouts/application (72.6ms)
[Webpacker] Compiling…
[Webpacker] Compiled all packs in /Users/katieatwell/personal_projects/rails-react-practice/public/packs
  [1m[36mCategory Load (0.3ms)[0m  [1m[34mSELECT "categories".* FROM "categories"[0m
  Rendered layouts/_navigation.html.erb (4.1ms)
  Rendered layouts/_messages.html.erb (0.7ms)
  Rendered layouts/_footer.html.erb (0.8ms)
Completed 200 OK in 4468ms (Views: 4427.3ms | ActiveRecord: 3.7ms)


Started GET "/articles/1" for 127.0.0.1 at 2018-10-12 17:48:46 -0400
Processing by ArticlesController#show as HTML
  Parameters: {"id"=>"1"}
  [1m[36mArticle Load (0.3ms)[0m  [1m[34mSELECT  "articles".* FROM "articles" WHERE "articles"."id" = ? LIMIT ?[0m  [["id", 1], ["LIMIT", 1]]
  Rendering articles/show.html.erb within layouts/application
  [1m[36mUser Load (0.2ms)[0m  [1m[34mSELECT  "users".* FROM "users" WHERE "users"."id" = ? LIMIT ?[0m  [["id", 1], ["LIMIT", 1]]
  [1m[35m (0.3ms)[0m  [1m[34mSELECT COUNT(*) FROM "articles" WHERE "articles"."user_id" = ?[0m  [["user_id", 1]]
  [1m[36mCategory Exists (0.2ms)[0m  [1m[34mSELECT  1 AS one FROM "categories" INNER JOIN "article_categories" ON "categories"."id" = "article_categories"."category_id" WHERE "article_categories"."article_id" = ? LIMIT ?[0m  [["article_id", 1], ["LIMIT", 1]]
  [1m[36mCACHE User Load (0.1ms)[0m  [1m[34mSELECT  "users".* FROM "users" WHERE "users"."id" = ? LIMIT ?[0m  [["id", 1], ["LIMIT", 1]]
  Rendered articles/show.html.erb within layouts/application (14.2ms)
[Webpacker] Compiling…
[Webpacker] Compiled all packs in /Users/katieatwell/personal_projects/rails-react-practice/public/packs
  [1m[36mCategory Load (0.2ms)[0m  [1m[34mSELECT "categories".* FROM "categories"[0m
  Rendered layouts/_navigation.html.erb (2.8ms)
  Rendered layouts/_messages.html.erb (0.5ms)
Completed 500 Internal Server Error in 3431ms (ActiveRecord: 1.3ms)


  
ActionView::Template::Error (undefined method `react_component' for #<#<Class:0x007f81ed98ac08>:0x007f81eeb17a98>):
    13:     <%= render 'layouts/navigation' %>
    14:     <%= render 'layouts/messages' %>
    15:     <div class="container">
    16:       <%= react_component("HelloWorld", { greeting: "Hello" }) %>
    17:       <%= yield %>
    18:     </div>
    19:     <%= render 'layouts/footer' %>
  
app/views/layouts/application.html.erb:16:in `_app_views_layouts_application_html_erb__4321338247218004_70098006987320'
Started GET "/articles/1" for 127.0.0.1 at 2018-10-12 17:49:08 -0400
  [1m[35m (0.2ms)[0m  [1m[34mSELECT "schema_migrations"."version" FROM "schema_migrations" ORDER BY "schema_migrations"."version" ASC[0m
Processing by ArticlesController#show as HTML
  Parameters: {"id"=>"1"}
  [1m[36mArticle Load (0.3ms)[0m  [1m[34mSELECT  "articles".* FROM "articles" WHERE "articles"."id" = ? LIMIT ?[0m  [["id", 1], ["LIMIT", 1]]
  Rendering articles/show.html.erb within layouts/application
  [1m[36mUser Load (0.1ms)[0m  [1m[34mSELECT  "users".* FROM "users" WHERE "users"."id" = ? LIMIT ?[0m  [["id", 1], ["LIMIT", 1]]
  [1m[35m (0.2ms)[0m  [1m[34mSELECT COUNT(*) FROM "articles" WHERE "articles"."user_id" = ?[0m  [["user_id", 1]]
  [1m[36mCategory Exists (0.2ms)[0m  [1m[34mSELECT  1 AS one FROM "categories" INNER JOIN "article_categories" ON "categories"."id" = "article_categories"."category_id" WHERE "article_categories"."article_id" = ? LIMIT ?[0m  [["article_id", 1], ["LIMIT", 1]]
  [1m[36mUser Load (0.1ms)[0m  [1m[34mSELECT  "users".* FROM "users" WHERE "users"."id" = ? LIMIT ?[0m  [["id", 1], ["LIMIT", 1]]
  Rendered articles/show.html.erb within layouts/application (65.5ms)
  [1m[36mCategory Load (0.2ms)[0m  [1m[34mSELECT "categories".* FROM "categories"[0m
  Rendered layouts/_navigation.html.erb (2.2ms)
  Rendered layouts/_messages.html.erb (0.4ms)
  Rendered layouts/_footer.html.erb (0.5ms)
Completed 200 OK in 3810ms (Views: 3768.7ms | ActiveRecord: 2.8ms)


Started GET "/articles/1" for 127.0.0.1 at 2018-10-12 17:49:49 -0400
Processing by ArticlesController#show as HTML
  Parameters: {"id"=>"1"}
  [1m[36mArticle Load (0.7ms)[0m  [1m[34mSELECT  "articles".* FROM "articles" WHERE "articles"."id" = ? LIMIT ?[0m  [["id", 1], ["LIMIT", 1]]
  Rendering articles/show.html.erb within layouts/application
  [1m[36mUser Load (0.2ms)[0m  [1m[34mSELECT  "users".* FROM "users" WHERE "users"."id" = ? LIMIT ?[0m  [["id", 1], ["LIMIT", 1]]
  [1m[35m (0.4ms)[0m  [1m[34mSELECT COUNT(*) FROM "articles" WHERE "articles"."user_id" = ?[0m  [["user_id", 1]]
  [1m[36mCategory Exists (0.4ms)[0m  [1m[34mSELECT  1 AS one FROM "categories" INNER JOIN "article_categories" ON "categories"."id" = "article_categories"."category_id" WHERE "article_categories"."article_id" = ? LIMIT ?[0m  [["article_id", 1], ["LIMIT", 1]]
  [1m[36mCACHE User Load (0.0ms)[0m  [1m[34mSELECT  "users".* FROM "users" WHERE "users"."id" = ? LIMIT ?[0m  [["id", 1], ["LIMIT", 1]]
  Rendered articles/show.html.erb within layouts/application (17.5ms)
  [1m[36mCategory Load (0.2ms)[0m  [1m[34mSELECT "categories".* FROM "categories"[0m
  Rendered layouts/_navigation.html.erb (2.5ms)
  Rendered layouts/_messages.html.erb (0.8ms)
  Rendered layouts/_footer.html.erb (0.6ms)
Completed 200 OK in 116ms (Views: 104.1ms | ActiveRecord: 1.9ms)


Started GET "/articles" for 127.0.0.1 at 2018-10-15 12:59:37 -0400
  [1m[35m (0.4ms)[0m  [1m[34mSELECT "schema_migrations"."version" FROM "schema_migrations" ORDER BY "schema_migrations"."version" ASC[0m
Processing by ArticlesController#index as HTML
  Rendering articles/index.html.erb within layouts/application
  [1m[35m (0.1ms)[0m  [1m[34mSELECT COUNT(*) FROM "articles"[0m
  [1m[36mArticle Load (1.2ms)[0m  [1m[34mSELECT  "articles".* FROM "articles" LIMIT ? OFFSET ?[0m  [["LIMIT", 5], ["OFFSET", 0]]
  [1m[36mUser Load (0.1ms)[0m  [1m[34mSELECT  "users".* FROM "users" WHERE "users"."id" = ? LIMIT ?[0m  [["id", 1], ["LIMIT", 1]]
  [1m[36mCategory Exists (0.2ms)[0m  [1m[34mSELECT  1 AS one FROM "categories" INNER JOIN "article_categories" ON "categories"."id" = "article_categories"."category_id" WHERE "article_categories"."article_id" = ? LIMIT ?[0m  [["article_id", 1], ["LIMIT", 1]]
  [1m[36mUser Load (0.1ms)[0m  [1m[34mSELECT  "users".* FROM "users" WHERE "users"."id" = ? LIMIT ?[0m  [["id", 1], ["LIMIT", 1]]
  Rendered articles/_article.html.erb (81.8ms)
  Rendered articles/index.html.erb within layouts/application (87.4ms)
[Webpacker] Compiling…
[Webpacker] Compiled all packs in /Users/katieatwell/personal_projects/rails-react-practice/public/packs
  [1m[36mCategory Load (0.3ms)[0m  [1m[34mSELECT "categories".* FROM "categories"[0m
  Rendered layouts/_navigation.html.erb (3.0ms)
  Rendered layouts/_messages.html.erb (0.5ms)
  Rendered layouts/_footer.html.erb (0.7ms)
Completed 200 OK in 5517ms (Views: 5485.9ms | ActiveRecord: 4.2ms)


Started GET "/articles" for 127.0.0.1 at 2018-10-15 13:00:39 -0400
Processing by ArticlesController#index as HTML
  Rendering articles/index.html.erb within layouts/application
  [1m[35m (0.2ms)[0m  [1m[34mSELECT COUNT(*) FROM "articles"[0m
  [1m[36mArticle Load (0.7ms)[0m  [1m[34mSELECT  "articles".* FROM "articles" LIMIT ? OFFSET ?[0m  [["LIMIT", 5], ["OFFSET", 0]]
  [1m[36mUser Load (0.2ms)[0m  [1m[34mSELECT  "users".* FROM "users" WHERE "users"."id" = ? LIMIT ?[0m  [["id", 1], ["LIMIT", 1]]
  [1m[36mCategory Exists (0.3ms)[0m  [1m[34mSELECT  1 AS one FROM "categories" INNER JOIN "article_categories" ON "categories"."id" = "article_categories"."category_id" WHERE "article_categories"."article_id" = ? LIMIT ?[0m  [["article_id", 1], ["LIMIT", 1]]
  [1m[36mCACHE User Load (0.0ms)[0m  [1m[34mSELECT  "users".* FROM "users" WHERE "users"."id" = ? LIMIT ?[0m  [["id", 1], ["LIMIT", 1]]
  Rendered articles/_article.html.erb (18.6ms)
  Rendered articles/index.html.erb within layouts/application (23.9ms)
  [1m[36mCategory Load (0.2ms)[0m  [1m[34mSELECT "categories".* FROM "categories"[0m
  Rendered layouts/_navigation.html.erb (2.6ms)
  Rendered layouts/_messages.html.erb (0.9ms)
  Rendered layouts/_footer.html.erb (0.5ms)
Completed 200 OK in 127ms (Views: 122.0ms | ActiveRecord: 1.6ms)


Started GET "/articles" for 127.0.0.1 at 2018-10-15 13:01:59 -0400
Processing by ArticlesController#index as HTML
  Rendering articles/index.html.erb within layouts/application
  [1m[35m (0.1ms)[0m  [1m[34mSELECT COUNT(*) FROM "articles"[0m
  [1m[36mArticle Load (0.2ms)[0m  [1m[34mSELECT  "articles".* FROM "articles" LIMIT ? OFFSET ?[0m  [["LIMIT", 5], ["OFFSET", 0]]
  [1m[36mUser Load (0.1ms)[0m  [1m[34mSELECT  "users".* FROM "users" WHERE "users"."id" = ? LIMIT ?[0m  [["id", 1], ["LIMIT", 1]]
  [1m[36mCategory Exists (0.2ms)[0m  [1m[34mSELECT  1 AS one FROM "categories" INNER JOIN "article_categories" ON "categories"."id" = "article_categories"."category_id" WHERE "article_categories"."article_id" = ? LIMIT ?[0m  [["article_id", 1], ["LIMIT", 1]]
  [1m[36mCACHE User Load (0.2ms)[0m  [1m[34mSELECT  "users".* FROM "users" WHERE "users"."id" = ? LIMIT ?[0m  [["id", 1], ["LIMIT", 1]]
  Rendered articles/_article.html.erb (49.9ms)
  Rendered articles/index.html.erb within layouts/application (56.9ms)
[Webpacker] Compiling…
[Webpacker] Compiled all packs in /Users/katieatwell/personal_projects/rails-react-practice/public/packs
  [1m[36mCategory Load (0.4ms)[0m  [1m[34mSELECT "categories".* FROM "categories"[0m
  Rendered layouts/_navigation.html.erb (3.7ms)
  Rendered layouts/_messages.html.erb (0.5ms)
  Rendered layouts/_footer.html.erb (0.5ms)
Completed 200 OK in 3312ms (Views: 3301.9ms | ActiveRecord: 3.5ms)


Started GET "/articles" for 127.0.0.1 at 2018-10-15 13:03:06 -0400
Processing by ArticlesController#index as HTML
  Rendering articles/index.html.erb within layouts/application
  [1m[35m (0.1ms)[0m  [1m[34mSELECT COUNT(*) FROM "articles"[0m
  [1m[36mArticle Load (0.3ms)[0m  [1m[34mSELECT  "articles".* FROM "articles" LIMIT ? OFFSET ?[0m  [["LIMIT", 5], ["OFFSET", 0]]
  [1m[36mUser Load (0.2ms)[0m  [1m[34mSELECT  "users".* FROM "users" WHERE "users"."id" = ? LIMIT ?[0m  [["id", 1], ["LIMIT", 1]]
  [1m[36mCategory Exists (0.3ms)[0m  [1m[34mSELECT  1 AS one FROM "categories" INNER JOIN "article_categories" ON "categories"."id" = "article_categories"."category_id" WHERE "article_categories"."article_id" = ? LIMIT ?[0m  [["article_id", 1], ["LIMIT", 1]]
  [1m[36mCACHE User Load (0.0ms)[0m  [1m[34mSELECT  "users".* FROM "users" WHERE "users"."id" = ? LIMIT ?[0m  [["id", 1], ["LIMIT", 1]]
  Rendered articles/_article.html.erb (55.5ms)
  Rendered articles/index.html.erb within layouts/application (61.1ms)
[Webpacker] Compiling…
[Webpacker] Compiled all packs in /Users/katieatwell/personal_projects/rails-react-practice/public/packs
  [1m[36mCategory Load (0.3ms)[0m  [1m[34mSELECT "categories".* FROM "categories"[0m
  Rendered layouts/_navigation.html.erb (3.4ms)
  Rendered layouts/_messages.html.erb (0.4ms)
  Rendered layouts/_footer.html.erb (0.8ms)
Completed 200 OK in 3130ms (Views: 3118.5ms | ActiveRecord: 3.8ms)


Started GET "/articles" for 127.0.0.1 at 2018-10-15 13:03:18 -0400
Processing by ArticlesController#index as HTML
  Rendering articles/index.html.erb within layouts/application
  [1m[35m (0.1ms)[0m  [1m[34mSELECT COUNT(*) FROM "articles"[0m
  [1m[36mArticle Load (0.2ms)[0m  [1m[34mSELECT  "articles".* FROM "articles" LIMIT ? OFFSET ?[0m  [["LIMIT", 5], ["OFFSET", 0]]
  [1m[36mUser Load (0.4ms)[0m  [1m[34mSELECT  "users".* FROM "users" WHERE "users"."id" = ? LIMIT ?[0m  [["id", 1], ["LIMIT", 1]]
  [1m[36mCategory Exists (0.1ms)[0m  [1m[34mSELECT  1 AS one FROM "categories" INNER JOIN "article_categories" ON "categories"."id" = "article_categories"."category_id" WHERE "article_categories"."article_id" = ? LIMIT ?[0m  [["article_id", 1], ["LIMIT", 1]]
  [1m[36mCACHE User Load (0.0ms)[0m  [1m[34mSELECT  "users".* FROM "users" WHERE "users"."id" = ? LIMIT ?[0m  [["id", 1], ["LIMIT", 1]]
  Rendered articles/_article.html.erb (69.8ms)
  Rendered articles/index.html.erb within layouts/application (75.9ms)
[Webpacker] Compiling…
[Webpacker] Compiled all packs in /Users/katieatwell/personal_projects/rails-react-practice/public/packs
  [1m[36mCategory Load (0.5ms)[0m  [1m[34mSELECT "categories".* FROM "categories"[0m
  Rendered layouts/_navigation.html.erb (4.9ms)
  Rendered layouts/_messages.html.erb (0.7ms)
  Rendered layouts/_footer.html.erb (0.8ms)
Completed 200 OK in 3269ms (Views: 3259.6ms | ActiveRecord: 4.5ms)


Started GET "/articles" for 127.0.0.1 at 2018-10-15 13:03:57 -0400
Processing by ArticlesController#index as HTML
  Rendering articles/index.html.erb within layouts/application
  [1m[35m (0.2ms)[0m  [1m[34mSELECT COUNT(*) FROM "articles"[0m
  [1m[36mArticle Load (0.3ms)[0m  [1m[34mSELECT  "articles".* FROM "articles" LIMIT ? OFFSET ?[0m  [["LIMIT", 5], ["OFFSET", 0]]
  [1m[36mUser Load (0.1ms)[0m  [1m[34mSELECT  "users".* FROM "users" WHERE "users"."id" = ? LIMIT ?[0m  [["id", 1], ["LIMIT", 1]]
  [1m[36mCategory Exists (0.4ms)[0m  [1m[34mSELECT  1 AS one FROM "categories" INNER JOIN "article_categories" ON "categories"."id" = "article_categories"."category_id" WHERE "article_categories"."article_id" = ? LIMIT ?[0m  [["article_id", 1], ["LIMIT", 1]]
  [1m[36mCACHE User Load (0.0ms)[0m  [1m[34mSELECT  "users".* FROM "users" WHERE "users"."id" = ? LIMIT ?[0m  [["id", 1], ["LIMIT", 1]]
  Rendered articles/_article.html.erb (69.2ms)
  Rendered articles/index.html.erb within layouts/application (77.5ms)
[Webpacker] Compiling…
[Webpacker] Compiled all packs in /Users/katieatwell/personal_projects/rails-react-practice/public/packs
  [1m[36mCategory Load (0.3ms)[0m  [1m[34mSELECT "categories".* FROM "categories"[0m
  Rendered layouts/_navigation.html.erb (3.6ms)
  Rendered layouts/_messages.html.erb (1.0ms)
  Rendered layouts/_footer.html.erb (0.5ms)
Completed 200 OK in 3006ms (Views: 2992.8ms | ActiveRecord: 3.9ms)


Started GET "/articles" for 127.0.0.1 at 2018-10-15 13:04:32 -0400
Processing by ArticlesController#index as HTML
  Rendering articles/index.html.erb within layouts/application
  [1m[35m (0.1ms)[0m  [1m[34mSELECT COUNT(*) FROM "articles"[0m
  [1m[36mArticle Load (0.2ms)[0m  [1m[34mSELECT  "articles".* FROM "articles" LIMIT ? OFFSET ?[0m  [["LIMIT", 5], ["OFFSET", 0]]
  [1m[36mUser Load (0.1ms)[0m  [1m[34mSELECT  "users".* FROM "users" WHERE "users"."id" = ? LIMIT ?[0m  [["id", 1], ["LIMIT", 1]]
  [1m[36mCategory Exists (0.2ms)[0m  [1m[34mSELECT  1 AS one FROM "categories" INNER JOIN "article_categories" ON "categories"."id" = "article_categories"."category_id" WHERE "article_categories"."article_id" = ? LIMIT ?[0m  [["article_id", 1], ["LIMIT", 1]]
  [1m[36mCACHE User Load (0.0ms)[0m  [1m[34mSELECT  "users".* FROM "users" WHERE "users"."id" = ? LIMIT ?[0m  [["id", 1], ["LIMIT", 1]]
  Rendered articles/_article.html.erb (42.9ms)
  Rendered articles/index.html.erb within layouts/application (50.5ms)
[Webpacker] Compiling…
[Webpacker] Compiled all packs in /Users/katieatwell/personal_projects/rails-react-practice/public/packs
  [1m[36mCategory Load (0.3ms)[0m  [1m[34mSELECT "categories".* FROM "categories"[0m
  Rendered layouts/_navigation.html.erb (3.1ms)
  Rendered layouts/_messages.html.erb (0.5ms)
  Rendered layouts/_footer.html.erb (0.5ms)
Completed 200 OK in 2660ms (Views: 2648.1ms | ActiveRecord: 3.3ms)


Started GET "/articles" for 127.0.0.1 at 2018-10-15 13:04:54 -0400
Processing by ArticlesController#index as HTML
  Rendering articles/index.html.erb within layouts/application
  [1m[35m (0.3ms)[0m  [1m[34mSELECT COUNT(*) FROM "articles"[0m
  [1m[36mArticle Load (0.2ms)[0m  [1m[34mSELECT  "articles".* FROM "articles" LIMIT ? OFFSET ?[0m  [["LIMIT", 5], ["OFFSET", 0]]
  [1m[36mUser Load (0.1ms)[0m  [1m[34mSELECT  "users".* FROM "users" WHERE "users"."id" = ? LIMIT ?[0m  [["id", 1], ["LIMIT", 1]]
  [1m[36mCategory Exists (0.2ms)[0m  [1m[34mSELECT  1 AS one FROM "categories" INNER JOIN "article_categories" ON "categories"."id" = "article_categories"."category_id" WHERE "article_categories"."article_id" = ? LIMIT ?[0m  [["article_id", 1], ["LIMIT", 1]]
  [1m[36mCACHE User Load (0.0ms)[0m  [1m[34mSELECT  "users".* FROM "users" WHERE "users"."id" = ? LIMIT ?[0m  [["id", 1], ["LIMIT", 1]]
  Rendered articles/_article.html.erb (52.7ms)
  Rendered articles/index.html.erb within layouts/application (58.2ms)
[Webpacker] Compiling…
[Webpacker] Compiled all packs in /Users/katieatwell/personal_projects/rails-react-practice/public/packs
  [1m[36mCategory Load (0.3ms)[0m  [1m[34mSELECT "categories".* FROM "categories"[0m
  Rendered layouts/_navigation.html.erb (3.8ms)
  Rendered layouts/_messages.html.erb (0.9ms)
  Rendered layouts/_footer.html.erb (0.7ms)
Completed 200 OK in 3045ms (Views: 3035.3ms | ActiveRecord: 3.8ms)


Started GET "/articles/1/edit" for 127.0.0.1 at 2018-10-15 13:05:11 -0400
Processing by ArticlesController#edit as HTML
  Parameters: {"id"=>"1"}
  [1m[36mArticle Load (0.6ms)[0m  [1m[34mSELECT  "articles".* FROM "articles" WHERE "articles"."id" = ? LIMIT ?[0m  [["id", 1], ["LIMIT", 1]]
  [1m[36mUser Load (0.2ms)[0m  [1m[34mSELECT  "users".* FROM "users" WHERE "users"."id" = ? LIMIT ?[0m  [["id", 1], ["LIMIT", 1]]
  [1m[36mCACHE User Load (0.0ms)[0m  [1m[34mSELECT  "users".* FROM "users" WHERE "users"."id" = ? LIMIT ?[0m  [["id", 1], ["LIMIT", 1]]
  Rendering articles/edit.html.erb within layouts/application
  Rendered shared/_errors.html.erb (0.8ms)
  [1m[36mCategory Load (0.2ms)[0m  [1m[34mSELECT "categories".* FROM "categories"[0m
  Rendered articles/_form.html.erb (28.8ms)
  Rendered articles/edit.html.erb within layouts/application (31.6ms)
  [1m[36mCACHE Category Load (0.0ms)[0m  [1m[34mSELECT "categories".* FROM "categories"[0m
  Rendered layouts/_navigation.html.erb (3.6ms)
  Rendered layouts/_messages.html.erb (24.3ms)
  Rendered layouts/_footer.html.erb (0.5ms)
Completed 200 OK in 163ms (Views: 145.1ms | ActiveRecord: 1.1ms)


Started PATCH "/articles/1" for 127.0.0.1 at 2018-10-15 13:05:25 -0400
Processing by ArticlesController#update as HTML
  Parameters: {"utf8"=>"✓", "authenticity_token"=>"GM4uMmTPLUxhFgWAgG1CFSFRo2y1ViN/x/tLgrRqfbWjv8oEOk0z/tg8oe8R+WKB1MrwSPa9K64SlELm8VBlFg==", "article"=>{"title"=>"Article 1", "description"=>"And now the article is going to update", "category_ids"=>[""]}, "commit"=>"Update Article", "id"=>"1"}
  [1m[36mArticle Load (0.4ms)[0m  [1m[34mSELECT  "articles".* FROM "articles" WHERE "articles"."id" = ? LIMIT ?[0m  [["id", 1], ["LIMIT", 1]]
  [1m[36mUser Load (0.2ms)[0m  [1m[34mSELECT  "users".* FROM "users" WHERE "users"."id" = ? LIMIT ?[0m  [["id", 1], ["LIMIT", 1]]
  [1m[36mCACHE User Load (0.0ms)[0m  [1m[34mSELECT  "users".* FROM "users" WHERE "users"."id" = ? LIMIT ?[0m  [["id", 1], ["LIMIT", 1]]
  [1m[35m (0.1ms)[0m  [1m[36mbegin transaction[0m
  [1m[36mCategory Load (0.2ms)[0m  [1m[34mSELECT "categories".* FROM "categories" WHERE 1=0[0m
  [1m[36mCategory Load (0.1ms)[0m  [1m[34mSELECT "categories".* FROM "categories" INNER JOIN "article_categories" ON "categories"."id" = "article_categories"."category_id" WHERE "article_categories"."article_id" = ?[0m  [["article_id", 1]]
  [1m[35mSQL (0.7ms)[0m  [1m[33mUPDATE "articles" SET "description" = ?, "updated_at" = ? WHERE "articles"."id" = ?[0m  [["description", "And now the article is going to update"], ["updated_at", "2018-10-15 17:05:25.749728"], ["id", 1]]
  [1m[35m (2.1ms)[0m  [1m[36mcommit transaction[0m
Redirected to http://localhost:3000/articles/1
Completed 302 Found in 23ms (ActiveRecord: 3.9ms)


Started GET "/articles/1" for 127.0.0.1 at 2018-10-15 13:05:25 -0400
Processing by ArticlesController#show as HTML
  Parameters: {"id"=>"1"}
  [1m[36mArticle Load (0.2ms)[0m  [1m[34mSELECT  "articles".* FROM "articles" WHERE "articles"."id" = ? LIMIT ?[0m  [["id", 1], ["LIMIT", 1]]
  Rendering articles/show.html.erb within layouts/application
  [1m[36mUser Load (0.1ms)[0m  [1m[34mSELECT  "users".* FROM "users" WHERE "users"."id" = ? LIMIT ?[0m  [["id", 1], ["LIMIT", 1]]
  [1m[35m (0.2ms)[0m  [1m[34mSELECT COUNT(*) FROM "articles" WHERE "articles"."user_id" = ?[0m  [["user_id", 1]]
  [1m[36mCategory Exists (0.2ms)[0m  [1m[34mSELECT  1 AS one FROM "categories" INNER JOIN "article_categories" ON "categories"."id" = "article_categories"."category_id" WHERE "article_categories"."article_id" = ? LIMIT ?[0m  [["article_id", 1], ["LIMIT", 1]]
  [1m[36mCACHE User Load (0.0ms)[0m  [1m[34mSELECT  "users".* FROM "users" WHERE "users"."id" = ? LIMIT ?[0m  [["id", 1], ["LIMIT", 1]]
  Rendered articles/show.html.erb within layouts/application (17.0ms)
  [1m[36mCategory Load (0.2ms)[0m  [1m[34mSELECT "categories".* FROM "categories"[0m
  Rendered layouts/_navigation.html.erb (13.2ms)
  Rendered layouts/_messages.html.erb (0.5ms)
  Rendered layouts/_footer.html.erb (1.4ms)
Completed 200 OK in 126ms (Views: 120.4ms | ActiveRecord: 0.9ms)


Started GET "/articles" for 127.0.0.1 at 2018-10-15 13:05:30 -0400
Processing by ArticlesController#index as HTML
  Rendering articles/index.html.erb within layouts/application
  [1m[35m (0.3ms)[0m  [1m[34mSELECT COUNT(*) FROM "articles"[0m
  [1m[36mArticle Load (0.5ms)[0m  [1m[34mSELECT  "articles".* FROM "articles" LIMIT ? OFFSET ?[0m  [["LIMIT", 5], ["OFFSET", 0]]
  [1m[36mUser Load (0.2ms)[0m  [1m[34mSELECT  "users".* FROM "users" WHERE "users"."id" = ? LIMIT ?[0m  [["id", 1], ["LIMIT", 1]]
  [1m[36mCategory Exists (0.2ms)[0m  [1m[34mSELECT  1 AS one FROM "categories" INNER JOIN "article_categories" ON "categories"."id" = "article_categories"."category_id" WHERE "article_categories"."article_id" = ? LIMIT ?[0m  [["article_id", 1], ["LIMIT", 1]]
  [1m[36mCACHE User Load (0.0ms)[0m  [1m[34mSELECT  "users".* FROM "users" WHERE "users"."id" = ? LIMIT ?[0m  [["id", 1], ["LIMIT", 1]]
  Rendered articles/_article.html.erb (12.0ms)
  Rendered articles/index.html.erb within layouts/application (18.1ms)
  [1m[36mCategory Load (0.2ms)[0m  [1m[34mSELECT "categories".* FROM "categories"[0m
  Rendered layouts/_navigation.html.erb (2.2ms)
  Rendered layouts/_messages.html.erb (0.5ms)
  Rendered layouts/_footer.html.erb (0.4ms)
Completed 200 OK in 93ms (Views: 87.0ms | ActiveRecord: 1.5ms)


Started GET "/" for 127.0.0.1 at 2018-10-22 16:18:55 -0400
  [1m[35m (0.5ms)[0m  [1m[34mSELECT "schema_migrations"."version" FROM "schema_migrations" ORDER BY "schema_migrations"."version" ASC[0m
Processing by WelcomeController#home as HTML
  [1m[36mUser Load (0.6ms)[0m  [1m[34mSELECT  "users".* FROM "users" WHERE "users"."id" = ? LIMIT ?[0m  [["id", 1], ["LIMIT", 1]]
Redirected to http://localhost:3000/articles
Completed 302 Found in 31ms (ActiveRecord: 1.1ms)


Started GET "/articles" for 127.0.0.1 at 2018-10-22 16:18:55 -0400
Processing by ArticlesController#index as HTML
  Rendering articles/index.html.erb within layouts/application
  [1m[35m (0.4ms)[0m  [1m[34mSELECT COUNT(*) FROM "articles"[0m
  [1m[36mArticle Load (0.2ms)[0m  [1m[34mSELECT  "articles".* FROM "articles" LIMIT ? OFFSET ?[0m  [["LIMIT", 5], ["OFFSET", 0]]
  [1m[36mUser Load (0.2ms)[0m  [1m[34mSELECT  "users".* FROM "users" WHERE "users"."id" = ? LIMIT ?[0m  [["id", 1], ["LIMIT", 1]]
  [1m[36mCategory Exists (0.6ms)[0m  [1m[34mSELECT  1 AS one FROM "categories" INNER JOIN "article_categories" ON "categories"."id" = "article_categories"."category_id" WHERE "article_categories"."article_id" = ? LIMIT ?[0m  [["article_id", 1], ["LIMIT", 1]]
  [1m[36mCACHE User Load (0.0ms)[0m  [1m[34mSELECT  "users".* FROM "users" WHERE "users"."id" = ? LIMIT ?[0m  [["id", 1], ["LIMIT", 1]]
  Rendered articles/_article.html.erb (55.2ms)
  Rendered articles/index.html.erb within layouts/application (61.2ms)
  [1m[36mCategory Load (0.6ms)[0m  [1m[34mSELECT "categories".* FROM "categories"[0m
  Rendered layouts/_navigation.html.erb (4.5ms)
  Rendered layouts/_messages.html.erb (0.9ms)
  Rendered layouts/_footer.html.erb (0.7ms)
Completed 200 OK in 1831ms (Views: 1816.1ms | ActiveRecord: 3.2ms)


Started GET "/articles" for 127.0.0.1 at 2018-10-22 16:21:10 -0400
Processing by ArticlesController#index as HTML
  Rendering articles/index.html.erb within layouts/application
  [1m[35m (0.5ms)[0m  [1m[34mSELECT COUNT(*) FROM "articles"[0m
  [1m[36mArticle Load (0.2ms)[0m  [1m[34mSELECT  "articles".* FROM "articles" LIMIT ? OFFSET ?[0m  [["LIMIT", 5], ["OFFSET", 0]]
  [1m[36mUser Load (0.4ms)[0m  [1m[34mSELECT  "users".* FROM "users" WHERE "users"."id" = ? LIMIT ?[0m  [["id", 1], ["LIMIT", 1]]
  [1m[36mCategory Exists (0.5ms)[0m  [1m[34mSELECT  1 AS one FROM "categories" INNER JOIN "article_categories" ON "categories"."id" = "article_categories"."category_id" WHERE "article_categories"."article_id" = ? LIMIT ?[0m  [["article_id", 1], ["LIMIT", 1]]
  [1m[36mCACHE User Load (0.0ms)[0m  [1m[34mSELECT  "users".* FROM "users" WHERE "users"."id" = ? LIMIT ?[0m  [["id", 1], ["LIMIT", 1]]
  Rendered articles/_article.html.erb (39.1ms)
  Rendered articles/index.html.erb within layouts/application (45.2ms)
[Webpacker] Compiling…
[Webpacker] Compiled all packs in /Users/katieatwell/personal_projects/rails-react-practice/public/packs
  [1m[36mCategory Load (0.6ms)[0m  [1m[34mSELECT "categories".* FROM "categories"[0m
  Rendered layouts/_navigation.html.erb (3.6ms)
  Rendered layouts/_messages.html.erb (0.8ms)
  Rendered layouts/_footer.html.erb (0.5ms)
Completed 200 OK in 3857ms (Views: 3849.1ms | ActiveRecord: 4.7ms)


Started GET "/articles" for 127.0.0.1 at 2018-10-22 16:22:03 -0400
Processing by ArticlesController#index as HTML
  Rendering articles/index.html.erb within layouts/application
  [1m[35m (0.5ms)[0m  [1m[34mSELECT COUNT(*) FROM "articles"[0m
  [1m[36mArticle Load (0.2ms)[0m  [1m[34mSELECT  "articles".* FROM "articles" LIMIT ? OFFSET ?[0m  [["LIMIT", 5], ["OFFSET", 0]]
  [1m[36mUser Load (0.4ms)[0m  [1m[34mSELECT  "users".* FROM "users" WHERE "users"."id" = ? LIMIT ?[0m  [["id", 1], ["LIMIT", 1]]
  [1m[36mCategory Exists (0.5ms)[0m  [1m[34mSELECT  1 AS one FROM "categories" INNER JOIN "article_categories" ON "categories"."id" = "article_categories"."category_id" WHERE "article_categories"."article_id" = ? LIMIT ?[0m  [["article_id", 1], ["LIMIT", 1]]
  [1m[36mCACHE User Load (0.0ms)[0m  [1m[34mSELECT  "users".* FROM "users" WHERE "users"."id" = ? LIMIT ?[0m  [["id", 1], ["LIMIT", 1]]
  Rendered articles/_article.html.erb (43.2ms)
  Rendered articles/index.html.erb within layouts/application (49.5ms)
[Webpacker] Compiling…
[Webpacker] Compiled all packs in /Users/katieatwell/personal_projects/rails-react-practice/public/packs
  [1m[36mCategory Load (0.7ms)[0m  [1m[34mSELECT "categories".* FROM "categories"[0m
  Rendered layouts/_navigation.html.erb (3.6ms)
  Rendered layouts/_messages.html.erb (0.7ms)
  Rendered layouts/_footer.html.erb (0.6ms)
Completed 200 OK in 3324ms (Views: 3312.3ms | ActiveRecord: 4.8ms)


Started GET "/articles" for 127.0.0.1 at 2018-10-22 16:22:26 -0400
Processing by ArticlesController#index as HTML
  Rendering articles/index.html.erb within layouts/application
  [1m[35m (0.1ms)[0m  [1m[34mSELECT COUNT(*) FROM "articles"[0m
  [1m[36mArticle Load (0.3ms)[0m  [1m[34mSELECT  "articles".* FROM "articles" LIMIT ? OFFSET ?[0m  [["LIMIT", 5], ["OFFSET", 0]]
  [1m[36mUser Load (0.1ms)[0m  [1m[34mSELECT  "users".* FROM "users" WHERE "users"."id" = ? LIMIT ?[0m  [["id", 1], ["LIMIT", 1]]
  [1m[36mCategory Exists (0.1ms)[0m  [1m[34mSELECT  1 AS one FROM "categories" INNER JOIN "article_categories" ON "categories"."id" = "article_categories"."category_id" WHERE "article_categories"."article_id" = ? LIMIT ?[0m  [["article_id", 1], ["LIMIT", 1]]
  [1m[36mCACHE User Load (0.0ms)[0m  [1m[34mSELECT  "users".* FROM "users" WHERE "users"."id" = ? LIMIT ?[0m  [["id", 1], ["LIMIT", 1]]
  Rendered articles/_article.html.erb (40.2ms)
  Rendered articles/index.html.erb within layouts/application (44.8ms)
[Webpacker] Compiling…
[Webpacker] Compiled all packs in /Users/katieatwell/personal_projects/rails-react-practice/public/packs
  [1m[36mCategory Load (0.6ms)[0m  [1m[34mSELECT "categories".* FROM "categories"[0m
  Rendered layouts/_navigation.html.erb (3.7ms)
  Rendered layouts/_messages.html.erb (0.6ms)
  Rendered layouts/_footer.html.erb (0.5ms)
Completed 200 OK in 2476ms (Views: 2468.9ms | ActiveRecord: 3.4ms)


Started GET "/articles" for 127.0.0.1 at 2018-10-22 16:22:42 -0400
Processing by ArticlesController#index as HTML
  Rendering articles/index.html.erb within layouts/application
  [1m[35m (0.2ms)[0m  [1m[34mSELECT COUNT(*) FROM "articles"[0m
  [1m[36mArticle Load (0.3ms)[0m  [1m[34mSELECT  "articles".* FROM "articles" LIMIT ? OFFSET ?[0m  [["LIMIT", 5], ["OFFSET", 0]]
  [1m[36mUser Load (0.3ms)[0m  [1m[34mSELECT  "users".* FROM "users" WHERE "users"."id" = ? LIMIT ?[0m  [["id", 1], ["LIMIT", 1]]
  [1m[36mCategory Exists (0.2ms)[0m  [1m[34mSELECT  1 AS one FROM "categories" INNER JOIN "article_categories" ON "categories"."id" = "article_categories"."category_id" WHERE "article_categories"."article_id" = ? LIMIT ?[0m  [["article_id", 1], ["LIMIT", 1]]
  [1m[36mCACHE User Load (0.0ms)[0m  [1m[34mSELECT  "users".* FROM "users" WHERE "users"."id" = ? LIMIT ?[0m  [["id", 1], ["LIMIT", 1]]
  Rendered articles/_article.html.erb (70.8ms)
  Rendered articles/index.html.erb within layouts/application (80.7ms)
[Webpacker] Compiling…
[Webpacker] Compiled all packs in /Users/katieatwell/personal_projects/rails-react-practice/public/packs
  [1m[36mCategory Load (0.7ms)[0m  [1m[34mSELECT "categories".* FROM "categories"[0m
  Rendered layouts/_navigation.html.erb (5.7ms)
  Rendered layouts/_messages.html.erb (0.6ms)
  Rendered layouts/_footer.html.erb (0.4ms)
Completed 200 OK in 2991ms (Views: 2981.0ms | ActiveRecord: 5.9ms)


Started GET "/articles" for 127.0.0.1 at 2018-10-22 17:02:49 -0400
Processing by ArticlesController#index as HTML
  Rendering articles/index.html.erb within layouts/application
  [1m[35m (0.1ms)[0m  [1m[34mSELECT COUNT(*) FROM "articles"[0m
  [1m[36mArticle Load (0.2ms)[0m  [1m[34mSELECT  "articles".* FROM "articles" LIMIT ? OFFSET ?[0m  [["LIMIT", 5], ["OFFSET", 0]]
  [1m[36mUser Load (0.3ms)[0m  [1m[34mSELECT  "users".* FROM "users" WHERE "users"."id" = ? LIMIT ?[0m  [["id", 1], ["LIMIT", 1]]
  [1m[36mCategory Exists (0.1ms)[0m  [1m[34mSELECT  1 AS one FROM "categories" INNER JOIN "article_categories" ON "categories"."id" = "article_categories"."category_id" WHERE "article_categories"."article_id" = ? LIMIT ?[0m  [["article_id", 1], ["LIMIT", 1]]
  [1m[36mCACHE User Load (0.0ms)[0m  [1m[34mSELECT  "users".* FROM "users" WHERE "users"."id" = ? LIMIT ?[0m  [["id", 1], ["LIMIT", 1]]
  Rendered articles/_article.html.erb (105.2ms)
  Rendered articles/index.html.erb within layouts/application (117.3ms)
[Webpacker] Compiling…
[Webpacker] Compiled all packs in /Users/katieatwell/personal_projects/rails-react-practice/public/packs
  [1m[36mCategory Load (0.6ms)[0m  [1m[34mSELECT "categories".* FROM "categories"[0m
  Rendered layouts/_navigation.html.erb (3.9ms)
  Rendered layouts/_messages.html.erb (0.7ms)
  Rendered layouts/_footer.html.erb (0.6ms)
Completed 200 OK in 3825ms (Views: 3794.2ms | ActiveRecord: 4.4ms)


